<?xml version="1.0" encoding="UTF-8"?>
<testsuite xmlns:xsi="http://www.w3.org/2001/XMLSchema-instance" xsi:noNamespaceSchemaLocation="https://maven.apache.org/surefire/maven-surefire-plugin/xsd/surefire-test-report.xsd" name="com.upem.demo.batch.AppTest" time="0.049" tests="1" errors="0" skipped="0" failures="0">
  <properties>
    <property name="gopherProxySet" value="false"/>
    <property name="awt.toolkit" value="sun.lwawt.macosx.LWCToolkit"/>
    <property name="java.specification.version" value="9"/>
    <property name="file.encoding.pkg" value="sun.io"/>
    <property name="sun.cpu.isalist" value=""/>
    <property name="sun.jnu.encoding" value="UTF-8"/>
    <property name="java.class.path" value="/Users/ahmedbennani/Documents/UPEM/Maven/ticket/ticket-batch/target/test-classes:/Users/ahmedbennani/Documents/UPEM/Maven/ticket/ticket-batch/target/classes:/Users/ahmedbennani/Documents/UPEM/Maven/ticket/ticket-business/target/ticket-business-1.0-SNAPSHOT.jar:/Users/ahmedbennani/Documents/UPEM/Maven/ticket/ticket-consumer/target/ticket-consumer-1.0-SNAPSHOT.jar:/Users/ahmedbennani/Documents/UPEM/Maven/ticket/ticket-model/target/ticket-model-1.0-SNAPSHOT.jar:/Users/ahmedbennani/Documents/DeveloppementTools/apache-maven-3.6.0/junit/junit/4.11/junit-4.11.jar:/Users/ahmedbennani/Documents/DeveloppementTools/apache-maven-3.6.0/org/hamcrest/hamcrest-core/1.3/hamcrest-core-1.3.jar:"/>
    <property name="java.vm.vendor" value="Oracle Corporation"/>
    <property name="sun.arch.data.model" value="64"/>
    <property name="java.vendor.url" value="http://java.oracle.com/"/>
    <property name="user.timezone" value=""/>
    <property name="java.vm.specification.version" value="9"/>
    <property name="os.name" value="Mac OS X"/>
    <property name="sun.java.launcher" value="SUN_STANDARD"/>
    <property name="user.country" value="FR"/>
    <property name="sun.boot.library.path" value="/Library/Java/JavaVirtualMachines/jdk-9.0.1.jdk/Contents/Home/lib"/>
    <property name="sun.java.command" value="/Users/ahmedbennani/Documents/UPEM/Maven/ticket/ticket-batch/target/surefire/surefirebooter17095733051512030673.jar /Users/ahmedbennani/Documents/UPEM/Maven/ticket/ticket-batch/target/surefire 2019-10-22T22-35-42_353-jvmRun1 surefire2296477291772511384tmp surefire_38423100428587593315tmp"/>
    <property name="http.nonProxyHosts" value="local|*.local|169.254/16|*.169.254/16"/>
    <property name="jdk.debug" value="release"/>
    <property name="surefire.test.class.path" value="/Users/ahmedbennani/Documents/UPEM/Maven/ticket/ticket-batch/target/test-classes:/Users/ahmedbennani/Documents/UPEM/Maven/ticket/ticket-batch/target/classes:/Users/ahmedbennani/Documents/UPEM/Maven/ticket/ticket-business/target/ticket-business-1.0-SNAPSHOT.jar:/Users/ahmedbennani/Documents/UPEM/Maven/ticket/ticket-consumer/target/ticket-consumer-1.0-SNAPSHOT.jar:/Users/ahmedbennani/Documents/UPEM/Maven/ticket/ticket-model/target/ticket-model-1.0-SNAPSHOT.jar:/Users/ahmedbennani/Documents/DeveloppementTools/apache-maven-3.6.0/junit/junit/4.11/junit-4.11.jar:/Users/ahmedbennani/Documents/DeveloppementTools/apache-maven-3.6.0/org/hamcrest/hamcrest-core/1.3/hamcrest-core-1.3.jar:"/>
    <property name="sun.cpu.endian" value="little"/>
    <property name="user.home" value="/Users/ahmedbennani"/>
    <property name="user.language" value="fr"/>
    <property name="java.specification.vendor" value="Oracle Corporation"/>
    <property name="java.home" value="/Library/Java/JavaVirtualMachines/jdk-9.0.1.jdk/Contents/Home"/>
    <property name="file.separator" value="/"/>
    <property name="basedir" value="/Users/ahmedbennani/Documents/UPEM/Maven/ticket/ticket-batch"/>
    <property name="java.vm.compressedOopsMode" value="Zero based"/>
    <property name="line.separator" value="&#10;"/>
    <property name="java.specification.name" value="Java Platform API Specification"/>
    <property name="java.vm.specification.vendor" value="Oracle Corporation"/>
    <property name="java.awt.graphicsenv" value="sun.awt.CGraphicsEnvironment"/>
    <property name="surefire.real.class.path" value="/Users/ahmedbennani/Documents/UPEM/Maven/ticket/ticket-batch/target/surefire/surefirebooter17095733051512030673.jar"/>
    <property name="sun.management.compiler" value="HotSpot 64-Bit Tiered Compilers"/>
    <property name="ftp.nonProxyHosts" value="local|*.local|169.254/16|*.169.254/16"/>
    <property name="java.runtime.version" value="9.0.1+11"/>
    <property name="user.name" value="ahmedbennani"/>
    <property name="path.separator" value=":"/>
    <property name="os.version" value="10.14.5"/>
    <property name="java.runtime.name" value="Java(TM) SE Runtime Environment"/>
    <property name="file.encoding" value="UTF-8"/>
    <property name="java.vm.name" value="Java HotSpot(TM) 64-Bit Server VM"/>
    <property name="localRepository" value="/Users/ahmedbennani/Documents/DeveloppementTools/apache-maven-3.6.0"/>
    <property name="java.vendor.url.bug" value="http://bugreport.java.com/bugreport/"/>
    <property name="java.io.tmpdir" value="/var/folders/vc/v6c1xfsn76vfbjssqrzphcs00000gp/T/"/>
    <property name="java.version" value="9.0.1"/>
    <property name="user.dir" value="/Users/ahmedbennani/Documents/UPEM/Maven/ticket/ticket-batch"/>
    <property name="os.arch" value="x86_64"/>
    <property name="java.vm.specification.name" value="Java Virtual Machine Specification"/>
    <property name="java.awt.printerjob" value="sun.lwawt.macosx.CPrinterJob"/>
    <property name="sun.os.patch.level" value="unknown"/>
    <property name="java.library.path" value="/Users/ahmedbennani/Library/Java/Extensions:/Library/Java/Extensions:/Network/Library/Java/Extensions:/System/Library/Java/Extensions:/usr/lib/java:."/>
    <property name="java.vm.info" value="mixed mode"/>
    <property name="java.vendor" value="Oracle Corporation"/>
    <property name="java.vm.version" value="9.0.1+11"/>
    <property name="sun.io.unicode.encoding" value="UnicodeBig"/>
    <property name="java.class.version" value="53.0"/>
    <property name="socksNonProxyHosts" value="local|*.local|169.254/16|*.169.254/16"/>
  </properties>
  <testcase name="testApp" classname="com.upem.demo.batch.AppTest" time="0.002"/>
</testsuite>